#
# There is insufficient memory for the Java Runtime Environment to continue.
# Native memory allocation (malloc) failed to allocate 34192 bytes for Chunk::new
# Possible reasons:
#   The system is out of physical RAM or swap space
#   In 32 bit mode, the process size limit was hit
# Possible solutions:
#   Reduce memory load on the system
#   Increase physical memory or swap space
#   Check if swap backing store is full
#   Use 64 bit Java on a 64 bit OS
#   Decrease Java heap size (-Xmx/-Xms)
#   Decrease number of Java threads
#   Decrease Java thread stack sizes (-Xss)
#   Set larger code cache with -XX:ReservedCodeCacheSize=
# This output file may be truncated or incomplete.
#
#  Out of Memory Error (allocation.cpp:390), pid=9392, tid=5000
#
# JRE version: Java(TM) SE Runtime Environment (8.0_65-b17) (build 1.8.0_65-b17)
# Java VM: Java HotSpot(TM) 64-Bit Server VM (25.65-b01 mixed mode windows-amd64 compressed oops)
# Failed to write core dump. Minidumps are not enabled by default on client versions of Windows
#

---------------  T H R E A D  ---------------

Current thread (0x0000000002c6d800):  JavaThread "main" [_thread_in_native, id=5000, stack(0x0000000002c70000,0x0000000002d70000)]

Stack: [0x0000000002c70000,0x0000000002d70000]
[error occurred during error reporting (printing stack bounds), id 0xc0000005]

Native frames: (J=compiled Java code, j=interpreted, Vv=VM code, C=native code)

Java frames: (J=compiled Java code, j=interpreted, Vv=VM code)
j  java.lang.invoke.MethodHandle.<clinit>()V+16
v  ~StubRoutines::call_stub

---------------  P R O C E S S  ---------------

Java Threads: ( => current thread )
  0x0000000017be4000 JavaThread "C1 CompilerThread3" daemon [_thread_new, id=13548, stack(0x0000000000000000,0x0000000000000000)]
  0x0000000017bde800 JavaThread "C2 CompilerThread2" daemon [_thread_new, id=11364, stack(0x0000000000000000,0x0000000000000000)]
  0x0000000017bdc800 JavaThread "C2 CompilerThread1" daemon [_thread_new, id=2844, stack(0x0000000000000000,0x0000000000000000)]
  0x0000000017bd9800 JavaThread "C2 CompilerThread0" daemon [_thread_in_vm, id=12020, stack(0x00000000181b0000,0x00000000182b0000)]
  0x0000000017bd4800 JavaThread "Attach Listener" daemon [_thread_blocked, id=10580, stack(0x00000000180b0000,0x00000000181b0000)]
  0x0000000017bd3800 JavaThread "Signal Dispatcher" daemon [_thread_blocked, id=11032, stack(0x0000000017fb0000,0x00000000180b0000)]
  0x0000000002e63800 JavaThread "Finalizer" daemon [_thread_blocked, id=8048, stack(0x0000000017860000,0x0000000017960000)]
  0x000000001598d000 JavaThread "Reference Handler" daemon [_thread_blocked, id=8140, stack(0x0000000017760000,0x0000000017860000)]
=>0x0000000002c6d800 JavaThread "main" [_thread_in_native, id=5000, stack(0x0000000002c70000,0x0000000002d70000)]

Other Threads:
  0x0000000015989000 VMThread [stack: 0x0000000017660000,0x0000000017760000] [id=13936]

VM state:not at safepoint (normal execution)

VM Mutex/Monitor currently owned by a thread:  ([mutex/lock_event])
[0x0000000002c6d370] JNIHandleBlockFreeList_lock - owner thread: 0x0000000000000000

Heap:
 PSYoungGen      total 38400K, used 1331K [0x00000000eab00000, 0x00000000ed580000, 0x0000000100000000)
  eden space 33280K, 4% used [0x00000000eab00000,0x00000000eac4cd80,0x00000000ecb80000)
  from space 5120K, 0% used [0x00000000ed080000,0x00000000ed080000,0x00000000ed580000)
  to   space 5120K, 0% used [0x00000000ecb80000,0x00000000ecb80000,0x00000000ed080000)
 ParOldGen       total 87552K, used 0K [0x00000000c0000000, 0x00000000c5580000, 0x00000000eab00000)
  object space 87552K, 0% used [0x00000000c0000000,0x00000000c0000000,0x00000000c5580000)
 Metaspace       used 2048K, capacity 4480K, committed 4480K, reserved 1056768K
  class space    used 225K, capacity 384K, committed 384K, reserved 1048576K

Card table byte_map: [0x0000000012230000,0x0000000012440000] byte_map_base: 0x0000000011c30000

Marking Bits: (ParMarkBitMap*) 0x000000006337a5b0
 Begin Bits: [0x0000000012da0000, 0x0000000013da0000)
 End Bits:   [0x0000000013da0000, 0x0000000014da0000)

Polling page: 0x0000000002910000

CodeCache: size=245760Kb used=432Kb max_used=434Kb free=245327Kb
 bounds [0x0000000002e70000, 0x00000000030e0000, 0x0000000011e70000]
 total_blobs=161 nmethods=0 adapters=126
 compilation: enabled

Compilation events (0 events):
No events

GC Heap History (0 events):
No events

Deoptimization events (0 events):
No events

Internal exceptions (2 events):
Event: 0.050 Thread 0x0000000002c6d800 Exception <a 'java/lang/NoSuchMethodError': Method sun.misc.Unsafe.defineClass(Ljava/lang/String;[BII)Ljava/lang/Class; name or signature does not match> (0x00000000eab0dcc8) thrown at [C:\workspace\8-2-build-windows-amd64-cygwin\jdk8u65\4987\hotspot\src\sWá,Ý©?
Event: 0.051 Thread 0x0000000002c6d800 Exception <a 'java/lang/NoSuchMethodError': Method sun.misc.Unsafe.prefetchRead(Ljava/lang/Object;J)V name or signature does not match> (0x00000000eab0dfb0) thrown at [C:\workspace\8-2-build-windows-amd64-cygwin\jdk8u65\4987\hotspot\src\share\vm\prims\jni.

Events (10 events):
Event: 0.089 loading class sun/misc/Launcher$AppClassLoader$1 done
Event: 0.090 loading class java/lang/SystemClassLoaderAction
Event: 0.090 loading class java/lang/SystemClassLoaderAction done
Event: 0.091 Thread 0x0000000017bd3800 Thread added: 0x0000000017bd3800
Event: 0.091 Thread 0x0000000017bd4800 Thread added: 0x0000000017bd4800
Event: 0.091 Thread 0x0000000017bd9800 Thread added: 0x0000000017bd9800
Event: 0.091 Thread 0x0000000017bdc800 Thread added: 0x0000000017bdc800
Event: 0.092 Thread 0x0000000017bde800 Thread added: 0x0000000017bde800
Event: 0.092 Thread 0x0000000017be4000 Thread added: 0x0000000017be4000
Event: 0.092 loading class java/lang/invoke/MethodHandleImpl


Dynamic libraries:
0x00007ff6ba890000 - 0x00007ff6ba8c7000 	C:\Program Files\Java\jdk1.8.0_65\bin\java.exe
0x00007ff861690000 - 0x00007ff86183c000 	C:\Windows\SYSTEM32\ntdll.dll
0x00007ff860650000 - 0x00007ff86078e000 	C:\Windows\system32\KERNEL32.DLL
0x00007ff85ebf0000 - 0x00007ff85ed05000 	C:\Windows\system32\KERNELBASE.dll
0x00007ff85d380000 - 0x00007ff85d40e000 	C:\Windows\system32\apphelp.dll
0x00007ff84f280000 - 0x00007ff84f2d3000 	C:\Windows\AppPatch\AppPatch64\AcGenral.DLL
0x00007ff861570000 - 0x00007ff86161a000 	C:\Windows\system32\msvcrt.dll
0x00007ff85e610000 - 0x00007ff85e63e000 	C:\Windows\SYSTEM32\SspiCli.dll
0x00007ff860a90000 - 0x00007ff860ae4000 	C:\Windows\system32\SHLWAPI.dll
0x00007ff860790000 - 0x00007ff860907000 	C:\Windows\system32\USER32.dll
0x00007ff85ed10000 - 0x00007ff85eea4000 	C:\Windows\system32\ole32.dll
0x00007ff85efc0000 - 0x00007ff8604eb000 	C:\Windows\system32\SHELL32.dll
0x00007ff85e0a0000 - 0x00007ff85e0c1000 	C:\Windows\SYSTEM32\USERENV.dll
0x00007ff85ef10000 - 0x00007ff85efba000 	C:\Windows\system32\ADVAPI32.dll
0x00007ff8507d0000 - 0x00007ff8507ee000 	C:\Windows\SYSTEM32\MPR.dll
0x00007ff860920000 - 0x00007ff860a61000 	C:\Windows\system32\RPCRT4.dll
0x00007ff85eeb0000 - 0x00007ff85ef09000 	C:\Windows\SYSTEM32\sechost.dll
0x00007ff861290000 - 0x00007ff8614a1000 	C:\Windows\SYSTEM32\combase.dll
0x00007ff860d00000 - 0x00007ff860e4f000 	C:\Windows\system32\GDI32.dll
0x00007ff85e7e0000 - 0x00007ff85e7f5000 	C:\Windows\SYSTEM32\profapi.dll
0x00007ff85cd30000 - 0x00007ff85cde2000 	C:\Windows\SYSTEM32\SHCORE.dll
0x00007ff861250000 - 0x00007ff861286000 	C:\Windows\system32\IMM32.DLL
0x00007ff8604f0000 - 0x00007ff860642000 	C:\Windows\system32\MSCTF.dll
0x0000000065d80000 - 0x0000000065e07000 	C:\Windows\System32\SYSFER.DLL
0x00007ff85c080000 - 0x00007ff85c2fb000 	C:\Windows\WinSxS\amd64_microsoft.windows.common-controls_6595b64144ccf1df_6.0.9600.18006_none_623f33d3ecbe86e8\COMCTL32.dll
0x0000000062750000 - 0x0000000062822000 	C:\Program Files\Java\jdk1.8.0_65\jre\bin\msvcr100.dll
0x0000000062b70000 - 0x00000000633f9000 	C:\Program Files\Java\jdk1.8.0_65\jre\bin\server\jvm.dll
0x00007ff8543c0000 - 0x00007ff8543c9000 	C:\Windows\SYSTEM32\WSOCK32.dll
0x00007ff856170000 - 0x00007ff856192000 	C:\Windows\SYSTEM32\WINMM.dll
0x00007ff85c450000 - 0x00007ff85c45a000 	C:\Windows\SYSTEM32\VERSION.dll
0x00007ff860f10000 - 0x00007ff860f17000 	C:\Windows\system32\PSAPI.DLL
0x00007ff860ca0000 - 0x00007ff860cfa000 	C:\Windows\system32\WS2_32.dll
0x00007ff856140000 - 0x00007ff85616a000 	C:\Windows\SYSTEM32\WINMMBASE.dll
0x00007ff861680000 - 0x00007ff861689000 	C:\Windows\system32\NSI.dll
0x00007ff85e9c0000 - 0x00007ff85ea0f000 	C:\Windows\SYSTEM32\cfgmgr32.dll
0x00007ff85d5e0000 - 0x00007ff85d608000 	C:\Windows\SYSTEM32\DEVOBJ.dll
0x0000000063e80000 - 0x0000000063e8f000 	C:\Program Files\Java\jdk1.8.0_65\jre\bin\verify.dll
0x0000000062b40000 - 0x0000000062b69000 	C:\Program Files\Java\jdk1.8.0_65\jre\bin\java.dll
0x0000000062b20000 - 0x0000000062b36000 	C:\Program Files\Java\jdk1.8.0_65\jre\bin\zip.dll

VM Arguments:
jvm_args: -Djava.awt.headless=true -Xmx1024M -Dfile.encoding=windows-1252 -Duser.country=US -Duser.language=en -Duser.variant 
java_command: com.android.dx.command.Main --dex --num-threads=4 --output C:\Users\Joe\AndroidStudioProjects\ReferenceFinder2\app\build\intermediates\pre-dexed\debug\com.android.support-support-v4-23.1.1_417a952b82fabf288e99a9f67af41c8491dafed2.jar C:\Users\Joe\AndroidStudioProjects\ReferenceFinder2\app\build\intermediates\exploded-aar\com.android.support\support-v4\23.1.1\jars\classes.jar
java_class_path (initial): C:\Users\Joe\AppData\Local\Android\sdk\build-tools\23.0.2\lib\dx.jar
Launcher Type: SUN_STANDARD

Environment Variables:
PATH=C:\Program Files\Haskell\bin;C:\Program Files\Haskell Platform\7.10.2-a\lib\extralibs\bin;C:\Program Files\Haskell Platform\7.10.2-a\bin;C:\ProgramData\Oracle\Java\javapath;C:\Program Files (x86)\Intel\iCLS Client\;C:\Program Files\Intel\iCLS Client\;C:\Windows\system32;C:\Windows;C:\Windows\System32\Wbem;C:\Windows\System32\WindowsPowerShell\v1.0\;C:\Program Files (x86)\Intel\OpenCL SDK\2.0\bin\x86;C:\Program Files (x86)\Intel\OpenCL SDK\2.0\bin\x64;C:\Program Files (x86)\ATI Technologies\ATI.ACE\Core-Static;C:\Program Files\Condusiv Technologies\IntelliMemory\;C:\Program Files (x86)\Windows Live\Shared;C:\Program Files\Microsoft SQL Server\110\Tools\Binn\;C:\Program Files (x86)\QuickTime\QTSystem\;C:\Program Files (x86)\Windows Kits\8.1\Windows Performance Toolkit\;C:\Program Files (x86)\Microsoft SDKs\TypeScript\1.0\;C:\Program Files\Microsoft SQL Server\120\Tools\Binn\;C:\Program Files\Calibre2\;C:\Program Files\Intel\WiFi\bin\;C:\Program Files\Common Files\Intel\WirelessCommon\;C:\Program Files\Intel\Intel(R) Management Engine Components\DAL;C:\Program Files\Intel\Intel(R) Management Engine Components\IPT;C:\Program Files (x86)\Intel\Intel(R) Management Engine Components\DAL;C:\Program Files (x86)\Intel\Intel(R) Management Engine Components\IPT;C:\Program Files\Haskell Platform\7.10.2-a\mingw\bin;C:\Program Files\MiKTeX 2.9\miktex\bin\x64\;C:\Users\Joe\Anaconda3;C:\Users\Joe\Anaconda3\Scripts;C:\Users\Joe\AppData\Roaming\cabal\bin;C:\Program Files (x86)\clisp-2.49
USERNAME=Joe
OS=Windows_NT
PROCESSOR_IDENTIFIER=Intel64 Family 6 Model 58 Stepping 9, GenuineIntel



---------------  S Y S T E M  ---------------

OS: Windows 8.1 , 64 bit Build 9600 (6.3.9600.17415)

CPU:total 8 (4 cores per cpu, 2 threads per core) family 6 model 58 stepping 9, cmov, cx8, fxsr, mmx, sse, sse2, sse3, ssse3, sse4.1, sse4.2, popcnt, avx, aes, clmul, erms, ht, tsc, tscinvbit, tscinv

Memory: 4k page, physical 8272748k(2110668k free), swap 9321328k(4464k free)

vm_info: Java HotSpot(TM) 64-Bit Server VM (25.65-b01) for windows-amd64 JRE (1.8.0_65-b17), built on Oct  6 2015 16:39:20 by "java_re" with MS VC++ 10.0 (VS2010)

time: Sat Nov 21 13:46:15 2015
elapsed time: 0 seconds (0d 0h 0m 0s)

